# JRE version: OpenJDK Runtime Environment Temurin-17.0.4.1+1 (17.0.4.1+1) (build 17.0.4.1+1)
# Java VM: OpenJDK 64-Bit Server VM Temurin-17.0.4.1+1 (17.0.4.1+1, mixed mode, tiered, compressed oops, compressed class ptrs, parallel gc, windows-amd64)
GC Precious Log:
 CPUs: 4 total, 4 available
 Memory: 4077M
 Large Page Support: Disabled
 NUMA Support: Disabled
 Compressed Oops: Enabled (32-bit)
 Alignments: Space 512K, Generation 512K, Heap 2M
 Heap Min Capacity: 100M
 Heap Initial Capacity: 100M
 Heap Max Capacity: 1G
 Pre-touch: Disabled
 Parallel Workers: 4
Heap:
 PSYoungGen      total 2048K, used 1805K [0x00000000eab00000, 0x00000000eae00000, 0x0000000100000000)
  eden space 1024K, 91% used [0x00000000eab00000,0x00000000eabeb7e0,0x00000000eac00000)
  from space 1024K, 84% used [0x00000000eac80000,0x00000000ead58000,0x00000000ead80000)
  to   space 512K, 0% used [0x00000000ead80000,0x00000000ead80000,0x00000000eae00000)
 ParOldGen       total 105984K, used 92679K [0x00000000c0000000, 0x00000000c6780000, 0x00000000eab00000)
  object space 105984K, 87% used [0x00000000c0000000,0x00000000c5a81c60,0x00000000c6780000)
 Metaspace       used 65644K, committed 66688K, reserved 1114112K
  class space    used 6788K, committed 7232K, reserved 1048576K
GC Heap History (20 events):
Event: 2362.443 GC heap before
{Heap before GC invocations=135 (full 7):
 PSYoungGen      total 1536K, used 1200K [0x00000000eab00000, 0x00000000ead80000, 0x0000000100000000)
  eden space 1024K, 98% used [0x00000000eab00000,0x00000000eabfc308,0x00000000eac00000)
  from space 512K, 37% used [0x00000000eac80000,0x00000000eacb0000,0x00000000ead00000)
  to   space 512K, 0% used [0x00000000ead00000,0x00000000ead00000,0x00000000ead80000)
 ParOldGen       total 105984K, used 87370K [0x00000000c0000000, 0x00000000c6780000, 0x00000000eab00000)
  object space 105984K, 82% used [0x00000000c0000000,0x00000000c5552b40,0x00000000c6780000)
 Metaspace       used 65539K, committed 66496K, reserved 1114112K
  class space    used 6784K, committed 7232K, reserved 1048576K
}
Event: 2362.445 GC heap after
{Heap after GC invocations=135 (full 7):
 PSYoungGen      total 1536K, used 480K [0x00000000eab00000, 0x00000000eae00000, 0x0000000100000000)
  eden space 1024K, 0% used [0x00000000eab00000,0x00000000eab00000,0x00000000eac00000)
  from space 512K, 93% used [0x00000000ead00000,0x00000000ead78000,0x00000000ead80000)
  to   space 1024K, 0% used [0x00000000eac00000,0x00000000eac00000,0x00000000ead00000)
 ParOldGen       total 105984K, used 87562K [0x00000000c0000000, 0x00000000c6780000, 0x00000000eab00000)
  object space 105984K, 82% used [0x00000000c0000000,0x00000000c5582b40,0x00000000c6780000)
 Metaspace       used 65539K, committed 66496K, reserved 1114112K
  class space    used 6784K, committed 7232K, reserved 1048576K
}
Event: 2362.490 GC heap before
{Heap before GC invocations=136 (full 7):
 PSYoungGen      total 1536K, used 1504K [0x00000000eab00000, 0x00000000eae00000, 0x0000000100000000)
  eden space 1024K, 100% used [0x00000000eab00000,0x00000000eac00000,0x00000000eac00000)
  from space 512K, 93% used [0x00000000ead00000,0x00000000ead78000,0x00000000ead80000)
  to   space 1024K, 0% used [0x00000000eac00000,0x00000000eac00000,0x00000000ead00000)
 ParOldGen       total 105984K, used 87562K [0x00000000c0000000, 0x00000000c6780000, 0x00000000eab00000)
  object space 105984K, 82% used [0x00000000c0000000,0x00000000c5582b40,0x00000000c6780000)
 Metaspace       used 65552K, committed 66496K, reserved 1114112K
  class space    used 6784K, committed 7232K, reserved 1048576K
}
Event: 2362.493 GC heap after
{Heap after GC invocations=136 (full 7):
 PSYoungGen      total 2048K, used 256K [0x00000000eab00000, 0x00000000ead80000, 0x0000000100000000)
  eden space 1024K, 0% used [0x00000000eab00000,0x00000000eab00000,0x00000000eac00000)
  from space 1024K, 25% used [0x00000000eac00000,0x00000000eac40000,0x00000000ead00000)
  to   space 512K, 0% used [0x00000000ead00000,0x00000000ead00000,0x00000000ead80000)
 ParOldGen       total 105984K, used 87959K [0x00000000c0000000, 0x00000000c6780000, 0x00000000eab00000)
  object space 105984K, 82% used [0x00000000c0000000,0x00000000c55e5fe0,0x00000000c6780000)
 Metaspace       used 65552K, committed 66496K, reserved 1114112K
  class space    used 6784K, committed 7232K, reserved 1048576K
}
Event: 2362.524 GC heap before
{Heap before GC invocations=137 (full 7):
 PSYoungGen      total 2048K, used 1280K [0x00000000eab00000, 0x00000000ead80000, 0x0000000100000000)
  eden space 1024K, 100% used [0x00000000eab00000,0x00000000eac00000,0x00000000eac00000)
  from space 1024K, 25% used [0x00000000eac00000,0x00000000eac40000,0x00000000ead00000)
  to   space 512K, 0% used [0x00000000ead00000,0x00000000ead00000,0x00000000ead80000)
 ParOldGen       total 105984K, used 87959K [0x00000000c0000000, 0x00000000c6780000, 0x00000000eab00000)
  object space 105984K, 82% used [0x00000000c0000000,0x00000000c55e5fe0,0x00000000c6780000)
 Metaspace       used 65579K, committed 66624K, reserved 1114112K
  class space    used 6784K, committed 7232K, reserved 1048576K
}
Event: 2362.526 GC heap after
{Heap after GC invocations=137 (full 7):
 PSYoungGen      total 1536K, used 464K [0x00000000eab00000, 0x00000000ead80000, 0x0000000100000000)
  eden space 1024K, 0% used [0x00000000eab00000,0x00000000eab00000,0x00000000eac00000)
  from space 512K, 90% used [0x00000000ead00000,0x00000000ead74010,0x00000000ead80000)
  to   space 512K, 0% used [0x00000000eac80000,0x00000000eac80000,0x00000000ead00000)
 ParOldGen       total 105984K, used 88158K [0x00000000c0000000, 0x00000000c6780000, 0x00000000eab00000)
  object space 105984K, 83% used [0x00000000c0000000,0x00000000c5617a40,0x00000000c6780000)
 Metaspace       used 65579K, committed 66624K, reserved 1114112K
  class space    used 6784K, committed 7232K, reserved 1048576K
}
Event: 2362.589 GC heap before
{Heap before GC invocations=138 (full 7):
 PSYoungGen      total 1536K, used 1488K [0x00000000eab00000, 0x00000000ead80000, 0x0000000100000000)
  eden space 1024K, 100% used [0x00000000eab00000,0x00000000eac00000,0x00000000eac00000)
  from space 512K, 90% used [0x00000000ead00000,0x00000000ead74010,0x00000000ead80000)
  to   space 512K, 0% used [0x00000000eac80000,0x00000000eac80000,0x00000000ead00000)
 ParOldGen       total 105984K, used 88158K [0x00000000c0000000, 0x00000000c6780000, 0x00000000eab00000)
  object space 105984K, 83% used [0x00000000c0000000,0x00000000c5617a40,0x00000000c6780000)
 Metaspace       used 65613K, committed 66624K, reserved 1114112K
  class space    used 6784K, committed 7232K, reserved 1048576K
}
Event: 2362.591 GC heap after
{Heap after GC invocations=138 (full 7):
 PSYoungGen      total 1536K, used 464K [0x00000000eab00000, 0x00000000ead80000, 0x0000000100000000)
  eden space 1024K, 0% used [0x00000000eab00000,0x00000000eab00000,0x00000000eac00000)
  from space 512K, 90% used [0x00000000eac80000,0x00000000eacf4010,0x00000000ead00000)
  to   space 512K, 0% used [0x00000000ead00000,0x00000000ead00000,0x00000000ead80000)
 ParOldGen       total 105984K, used 88579K [0x00000000c0000000, 0x00000000c6780000, 0x00000000eab00000)
  object space 105984K, 83% used [0x00000000c0000000,0x00000000c5680ee0,0x00000000c6780000)
 Metaspace       used 65613K, committed 66624K, reserved 1114112K
  class space    used 6784K, committed 7232K, reserved 1048576K
}
Event: 2362.614 GC heap before
{Heap before GC invocations=139 (full 7):
 PSYoungGen      total 1536K, used 1488K [0x00000000eab00000, 0x00000000ead80000, 0x0000000100000000)
  eden space 1024K, 100% used [0x00000000eab00000,0x00000000eac00000,0x00000000eac00000)
  from space 512K, 90% used [0x00000000eac80000,0x00000000eacf4010,0x00000000ead00000)
  to   space 512K, 0% used [0x00000000ead00000,0x00000000ead00000,0x00000000ead80000)
 ParOldGen       total 105984K, used 88579K [0x00000000c0000000, 0x00000000c6780000, 0x00000000eab00000)
  object space 105984K, 83% used [0x00000000c0000000,0x00000000c5680ee0,0x00000000c6780000)
 Metaspace       used 65619K, committed 66624K, reserved 1114112K
  class space    used 6784K, committed 7232K, reserved 1048576K
}
Event: 2362.616 GC heap after
{Heap after GC invocations=139 (full 7):
 PSYoungGen      total 1536K, used 480K [0x00000000eab00000, 0x00000000ead80000, 0x0000000100000000)
  eden space 1024K, 0% used [0x00000000eab00000,0x00000000eab00000,0x00000000eac00000)
  from space 512K, 93% used [0x00000000ead00000,0x00000000ead78000,0x00000000ead80000)
  to   space 512K, 0% used [0x00000000eac80000,0x00000000eac80000,0x00000000ead00000)
 ParOldGen       total 105984K, used 88984K [0x00000000c0000000, 0x00000000c6780000, 0x00000000eab00000)
  object space 105984K, 83% used [0x00000000c0000000,0x00000000c56e6380,0x00000000c6780000)
 Metaspace       used 65619K, committed 66624K, reserved 1114112K
  class space    used 6784K, committed 7232K, reserved 1048576K
}
Event: 2363.245 GC heap before
{Heap before GC invocations=140 (full 7):
 PSYoungGen      total 1536K, used 1504K [0x00000000eab00000, 0x00000000ead80000, 0x0000000100000000)
  eden space 1024K, 100% used [0x00000000eab00000,0x00000000eac00000,0x00000000eac00000)
  from space 512K, 93% used [0x00000000ead00000,0x00000000ead78000,0x00000000ead80000)
  to   space 512K, 0% used [0x00000000eac80000,0x00000000eac80000,0x00000000ead00000)
 ParOldGen       total 105984K, used 88984K [0x00000000c0000000, 0x00000000c6780000, 0x00000000eab00000)
  object space 105984K, 83% used [0x00000000c0000000,0x00000000c56e6380,0x00000000c6780000)
 Metaspace       used 65627K, committed 66624K, reserved 1114112K
  class space    used 6784K, committed 7232K, reserved 1048576K
}
Event: 2363.246 GC heap after
{Heap after GC invocations=140 (full 7):
 PSYoungGen      total 1536K, used 505K [0x00000000eab00000, 0x00000000eaf00000, 0x0000000100000000)
  eden space 1024K, 0% used [0x00000000eab00000,0x00000000eab00000,0x00000000eac00000)
  from space 512K, 98% used [0x00000000eac80000,0x00000000eacfe440,0x00000000ead00000)
  to   space 1536K, 0% used [0x00000000ead80000,0x00000000ead80000,0x00000000eaf00000)
 ParOldGen       total 105984K, used 89438K [0x00000000c0000000, 0x00000000c6780000, 0x00000000eab00000)
  object space 105984K, 84% used [0x00000000c0000000,0x00000000c5757820,0x00000000c6780000)
 Metaspace       used 65627K, committed 66624K, reserved 1114112K
  class space    used 6784K, committed 7232K, reserved 1048576K
}
Event: 2363.257 GC heap before
{Heap before GC invocations=141 (full 7):
 PSYoungGen      total 1536K, used 1529K [0x00000000eab00000, 0x00000000eaf00000, 0x0000000100000000)
  eden space 1024K, 100% used [0x00000000eab00000,0x00000000eac00000,0x00000000eac00000)
  from space 512K, 98% used [0x00000000eac80000,0x00000000eacfe440,0x00000000ead00000)
  to   space 1536K, 0% used [0x00000000ead80000,0x00000000ead80000,0x00000000eaf00000)
 ParOldGen       total 105984K, used 89438K [0x00000000c0000000, 0x00000000c6780000, 0x00000000eab00000)
  object space 105984K, 84% used [0x00000000c0000000,0x00000000c5757820,0x00000000c6780000)
 Metaspace       used 65627K, committed 66624K, reserved 1114112K
  class space    used 6784K, committed 7232K, reserved 1048576K
}
Event: 2363.259 GC heap after
{Heap after GC invocations=141 (full 7):
 PSYoungGen      total 2560K, used 1024K [0x00000000eab00000, 0x00000000eaf00000, 0x0000000100000000)
  eden space 1024K, 0% used [0x00000000eab00000,0x00000000eab00000,0x00000000eac00000)
  from space 1536K, 66% used [0x00000000ead80000,0x00000000eae80000,0x00000000eaf00000)
  to   space 1536K, 0% used [0x00000000eac00000,0x00000000eac00000,0x00000000ead80000)
 ParOldGen       total 105984K, used 89911K [0x00000000c0000000, 0x00000000c6780000, 0x00000000eab00000)
  object space 105984K, 84% used [0x00000000c0000000,0x00000000c57cdc60,0x00000000c6780000)
 Metaspace       used 65627K, committed 66624K, reserved 1114112K
  class space    used 6784K, committed 7232K, reserved 1048576K
}
Event: 2363.269 GC heap before
{Heap before GC invocations=142 (full 7):
 PSYoungGen      total 2560K, used 2048K [0x00000000eab00000, 0x00000000eaf00000, 0x0000000100000000)
  eden space 1024K, 100% used [0x00000000eab00000,0x00000000eac00000,0x00000000eac00000)
  from space 1536K, 66% used [0x00000000ead80000,0x00000000eae80000,0x00000000eaf00000)
  to   space 1536K, 0% used [0x00000000eac00000,0x00000000eac00000,0x00000000ead80000)
 ParOldGen       total 105984K, used 89911K [0x00000000c0000000, 0x00000000c6780000, 0x00000000eab00000)
  object space 105984K, 84% used [0x00000000c0000000,0x00000000c57cdc60,0x00000000c6780000)
 Metaspace       used 65627K, committed 66624K, reserved 1114112K
  class space    used 6784K, committed 7232K, reserved 1048576K
}
Event: 2363.273 GC heap after
{Heap after GC invocations=142 (full 7):
 PSYoungGen      total 2560K, used 1024K [0x00000000eab00000, 0x00000000eaf00000, 0x0000000100000000)
  eden space 1024K, 0% used [0x00000000eab00000,0x00000000eab00000,0x00000000eac00000)
  from space 1536K, 66% used [0x00000000eac00000,0x00000000ead00000,0x00000000ead80000)
  to   space 1536K, 0% used [0x00000000ead80000,0x00000000ead80000,0x00000000eaf00000)
 ParOldGen       total 105984K, used 90895K [0x00000000c0000000, 0x00000000c6780000, 0x00000000eab00000)
  object space 105984K, 85% used [0x00000000c0000000,0x00000000c58c3c60,0x00000000c6780000)
 Metaspace       used 65627K, committed 66624K, reserved 1114112K
  class space    used 6784K, committed 7232K, reserved 1048576K
}
Event: 2363.293 GC heap before
{Heap before GC invocations=143 (full 7):
 PSYoungGen      total 2560K, used 2048K [0x00000000eab00000, 0x00000000eaf00000, 0x0000000100000000)
  eden space 1024K, 100% used [0x00000000eab00000,0x00000000eac00000,0x00000000eac00000)
  from space 1536K, 66% used [0x00000000eac00000,0x00000000ead00000,0x00000000ead80000)
  to   space 1536K, 0% used [0x00000000ead80000,0x00000000ead80000,0x00000000eaf00000)
 ParOldGen       total 105984K, used 90895K [0x00000000c0000000, 0x00000000c6780000, 0x00000000eab00000)
  object space 105984K, 85% used [0x00000000c0000000,0x00000000c58c3c60,0x00000000c6780000)
 Metaspace       used 65627K, committed 66624K, reserved 1114112K
  class space    used 6784K, committed 7232K, reserved 1048576K
}
Event: 2363.296 GC heap after
{Heap after GC invocations=143 (full 7):
 PSYoungGen      total 2048K, used 944K [0x00000000eab00000, 0x00000000eae80000, 0x0000000100000000)
  eden space 1024K, 0% used [0x00000000eab00000,0x00000000eab00000,0x00000000eac00000)
  from space 1024K, 92% used [0x00000000ead80000,0x00000000eae6c000,0x00000000eae80000)
  to   space 1024K, 0% used [0x00000000eac80000,0x00000000eac80000,0x00000000ead80000)
 ParOldGen       total 105984K, used 91895K [0x00000000c0000000, 0x00000000c6780000, 0x00000000eab00000)
  object space 105984K, 86% used [0x00000000c0000000,0x00000000c59bdc60,0x00000000c6780000)
 Metaspace       used 65627K, committed 66624K, reserved 1114112K
  class space    used 6784K, committed 7232K, reserved 1048576K
}
Event: 2364.286 GC heap before
{Heap before GC invocations=144 (full 7):
 PSYoungGen      total 2048K, used 1968K [0x00000000eab00000, 0x00000000eae80000, 0x0000000100000000)
  eden space 1024K, 100% used [0x00000000eab00000,0x00000000eac00000,0x00000000eac00000)
  from space 1024K, 92% used [0x00000000ead80000,0x00000000eae6c000,0x00000000eae80000)
  to   space 1024K, 0% used [0x00000000eac80000,0x00000000eac80000,0x00000000ead80000)
 ParOldGen       total 105984K, used 91895K [0x00000000c0000000, 0x00000000c6780000, 0x00000000eab00000)
  object space 105984K, 86% used [0x00000000c0000000,0x00000000c59bdc60,0x00000000c6780000)
 Metaspace       used 65627K, committed 66624K, reserved 1114112K
  class space    used 6784K, committed 7232K, reserved 1048576K
}
Event: 2364.289 GC heap after
{Heap after GC invocations=144 (full 7):
 PSYoungGen      total 2048K, used 864K [0x00000000eab00000, 0x00000000eae00000, 0x0000000100000000)
  eden space 1024K, 0% used [0x00000000eab00000,0x00000000eab00000,0x00000000eac00000)
  from space 1024K, 84% used [0x00000000eac80000,0x00000000ead58000,0x00000000ead80000)
  to   space 512K, 0% used [0x00000000ead80000,0x00000000ead80000,0x00000000eae00000)
 ParOldGen       total 105984K, used 92679K [0x00000000c0000000, 0x00000000c6780000, 0x00000000eab00000)
  object space 105984K, 87% used [0x00000000c0000000,0x00000000c5a81c60,0x00000000c6780000)
 Metaspace       used 65627K, committed 66624K, reserved 1114112K
  class space    used 6784K, committed 7232K, reserved 1048576K
}

